From: admin@microcats.uqcloud.net
To: s4367459@student.uq.edu.au
Subject: microcats status alert
[Alert] nibbler inactive - last contact 20 minutes ago at 2016-05-21 13:56:08

From: admin@microcats.uqcloud.net
To: s4367459@student.uq.edu.au
Subject: microcats status alert
[Update] nibbler recovered from inactive status at 2016-05-21 14:18:00

From: admin@microcats.uqcloud.net
To: s4367459@student.uq.edu.au
Subject: microcats status alert
[Alert] nibbler inactive - last contact 20 minutes ago at 2016-05-21 14:18:00

From: admin@microcats.uqcloud.net
To: s4367459@student.uq.edu.au
Subject: microcats status alert
[Update] nibbler recovered from inactive status at 2016-05-21 14:39:53

From: admin@microcats.uqcloud.net
To: s4367459@student.uq.edu.au
Subject: microcats status alert
[Alert] nibbler inactive - last contact 20 minutes ago at 2016-05-21 14:39:53

From: admin@microcats.uqcloud.net
To: s4367459@student.uq.edu.au
Subject: microcats status alert
[Update] nibbler recovered from inactive status at 2016-05-21 15:01:45

From: admin@microcats.uqcloud.net
To: s4367459@student.uq.edu.au
Subject: microcats status alert
[Alert] nibbler inactive - last contact 20 minutes ago at 2016-05-21 15:01:45

From: admin@microcats.uqcloud.net
To: s4367459@student.uq.edu.au
Subject: microcats status alert
[Update] nibbler recovered from inactive status at 2016-05-21 15:23:37

From: admin@microcats.uqcloud.net
To: s4367459@student.uq.edu.au
Subject: microcats status alert
[Alert] nibbler inactive - last contact 20 minutes ago at 2016-05-21 15:23:37

From: admin@microcats.uqcloud.net
To: s4367459@student.uq.edu.au
Subject: microcats status alert
[Update] nibbler recovered from inactive status at 2016-05-21 15:45:28

From: admin@microcats.uqcloud.net
To: s4367459@student.uq.edu.au
Subject: microcats status alert
[Alert] nibbler inactive - last contact 20 minutes ago at 2016-05-21 15:45:28

From: admin@microcats.uqcloud.net
To: s4367459@student.uq.edu.au
Subject: microcats status alert
[Update] nibbler recovered from inactive status at 2016-05-21 16:07:20

From: admin@microcats.uqcloud.net
To: s4367459@student.uq.edu.au
Subject: microcats status alert
[Alert] nibbler inactive - last contact 20 minutes ago at 2016-05-21 16:07:20

From: admin@microcats.uqcloud.net
To: s4367459@student.uq.edu.au
Subject: microcats status alert
[Update] nibbler recovered from inactive status at 2016-05-21 16:29:12

From: admin@microcats.uqcloud.net
To: s4367459@student.uq.edu.au
Subject: microcats status alert
[Alert] nibbler inactive - last contact 20 minutes ago at 2016-05-21 16:29:12

From: admin@microcats.uqcloud.net
To: s4367459@student.uq.edu.au
Subject: microcats status alert
[Update] nibbler recovered from inactive status at 2016-05-21 16:51:04

From: admin@microcats.uqcloud.net
To: s4367459@student.uq.edu.au
Subject: microcats status alert
[Alert] nibbler inactive - last contact 20 minutes ago at 2016-05-21 16:51:04

From: admin@microcats.uqcloud.net
To: s4367459@student.uq.edu.au
Subject: microcats status alert
[Update] nibbler recovered from inactive status at 2016-05-21 17:12:56

From: admin@microcats.uqcloud.net
To: s4367459@student.uq.edu.au
Subject: microcats status alert
[Alert] nibbler inactive - last contact 20 minutes ago at 2016-05-21 17:12:56

From: admin@microcats.uqcloud.net
To: s4367459@student.uq.edu.au
Subject: microcats status alert
[Update] nibbler recovered from inactive status at 2016-05-21 17:34:48

From: admin@microcats.uqcloud.net
To: s4367459@student.uq.edu.au
Subject: microcats status alert
[Alert] lost connection to meshlium

From: admin@microcats.uqcloud.net
To: s4367459@student.uq.edu.au
Subject: microcats status alert
[Update] meshlium connection restored

From: admin@microcats.uqcloud.net
To: s4367459@student.uq.edu.au
Subject: microcats status alert
[Alert] lost connection to meshlium

From: admin@microcats.uqcloud.net
To: s4367459@student.uq.edu.au
Subject: microcats status alert
[Update] meshlium connection restored

From: admin@microcats.uqcloud.net
To: s4367459@student.uq.edu.au
Subject: microcats status alert
[Alert] lost connection to meshlium

From: admin@microcats.uqcloud.net
To: s4367459@student.uq.edu.au
Subject: microcats status alert
[Update] meshlium connection restored

From: admin@microcats.uqcloud.net
To: s4367459@student.uq.edu.au
Subject: microcats status alert
[Alert] lost connection to meshlium

From: admin@microcats.uqcloud.net
To: s4367459@student.uq.edu.au
Subject: microcats status alert
[Update] meshlium connection restored

From: admin@microcats.uqcloud.net
To: s4367459@student.uq.edu.au
Subject: microcats status alert
[Alert] lost connection to meshlium

From: admin@microcats.uqcloud.net
To: s4367459@student.uq.edu.au
Subject: microcats status alert
[Update] meshlium connection restored

From: admin@microcats.uqcloud.net
To: s4367459@student.uq.edu.au
Subject: microcats status alert
[Alert] lost connection to meshlium

From: admin@microcats.uqcloud.net
To: crystal.chua@its.uq.edu.au
Subject: microcats status alert
[Alert] lost connection to meshlium

From: admin@microcats.uqcloud.net
To: s4367459@student.uq.edu.au
Subject: microcats status alert
[Update] meshlium connection restored

From: admin@microcats.uqcloud.net
To: crystal.chua@its.uq.edu.au
Subject: microcats status alert
[Update] meshlium connection restored

From: admin@microcats.uqcloud.net
To: s4367459@student.uq.edu.au
Subject: microcats status alert
[Alert] lost connection to meshlium

From: admin@microcats.uqcloud.net
To: crystal.chua@its.uq.edu.au
Subject: microcats status alert
[Alert] lost connection to meshlium

From: admin@microcats.uqcloud.net
To: s4367459@student.uq.edu.au
Subject: microcats status alert
[Update] meshlium connection restored

From: admin@microcats.uqcloud.net
To: crystal.chua@its.uq.edu.au
Subject: microcats status alert
[Update] meshlium connection restored

From: admin@microcats.uqcloud.net
To: crystal.chua@its.uq.edu.au
Subject: microcats status alert
[Alert] lost connection to meshlium

From: admin@microcats.uqcloud.net
To: s4367459@student.uq.edu.au
Subject: microcats status alert
[Alert] lost connection to meshlium

From: admin@microcats.uqcloud.net
To: crystal.chua@its.uq.edu.au
Subject: microcats status alert
[Update] meshlium connection restored

From: admin@microcats.uqcloud.net
To: s4367459@student.uq.edu.au
Subject: microcats status alert
[Update] meshlium connection restored

From: admin@microcats.uqcloud.net
To: crystal.chua@its.uq.edu.au
Subject: microcats status alert
[Alert] lost connection to meshlium

From: admin@microcats.uqcloud.net
To: s4367459@student.uq.edu.au
Subject: microcats status alert
[Alert] lost connection to meshlium

From: admin@microcats.uqcloud.net
To: crystal.chua@its.uq.edu.au
Subject: microcats status alert
[Alert] lost connection to meshlium

From: admin@microcats.uqcloud.net
To: s4367459@student.uq.edu.au
Subject: microcats status alert
[Alert] lost connection to meshlium

From: admin@microcats.uqcloud.net
To: crystal.chua@its.uq.edu.au
Subject: microcats status alert
[Update] meshlium connection restored

From: admin@microcats.uqcloud.net
To: s4367459@student.uq.edu.au
Subject: microcats status alert
[Update] meshlium connection restored

From: admin@microcats.uqcloud.net
To: s4367459@student.uq.edu.au
Subject: microcats status alert
[Alert] lost connection to meshlium

From: admin@microcats.uqcloud.net
To: crystal.chua@its.uq.edu.au
Subject: microcats status alert
[Alert] lost connection to meshlium

From: admin@microcats.uqcloud.net
To: s4367459@student.uq.edu.au
Subject: microcats status alert
[Update] meshlium connection restored

From: admin@microcats.uqcloud.net
To: crystal.chua@its.uq.edu.au
Subject: microcats status alert
[Update] meshlium connection restored

From: admin@microcats.uqcloud.net
To: s4367459@student.uq.edu.au
Subject: microcats status alert
[Alert] lost connection to meshlium

From: admin@microcats.uqcloud.net
To: crystal.chua@its.uq.edu.au
Subject: microcats status alert
[Alert] lost connection to meshlium

From: admin@microcats.uqcloud.net
To: s4367459@student.uq.edu.au
Subject: microcats status alert
[Update] meshlium connection restored

From: admin@microcats.uqcloud.net
To: crystal.chua@its.uq.edu.au
Subject: microcats status alert
[Update] meshlium connection restored

From: admin@microcats.uqcloud.net
To: s4367459@student.uq.edu.au
Subject: microcats status alert
[Alert] lost connection to meshlium

From: admin@microcats.uqcloud.net
To: crystal.chua@its.uq.edu.au
Subject: microcats status alert
[Alert] lost connection to meshlium

From: admin@microcats.uqcloud.net
To: s4367459@student.uq.edu.au
Subject: microcats status alert
[Update] meshlium connection restored

From: admin@microcats.uqcloud.net
To: crystal.chua@its.uq.edu.au
Subject: microcats status alert
[Update] meshlium connection restored

From: admin@microcats.uqcloud.net
To: s4367459@student.uq.edu.au
Subject: microcats status alert
[Alert] lost connection to meshlium

From: admin@microcats.uqcloud.net
To: crystal.chua@its.uq.edu.au
Subject: microcats status alert
[Alert] lost connection to meshlium

From: admin@microcats.uqcloud.net
To: s4367459@student.uq.edu.au
Subject: microcats status alert
[Update] meshlium connection restored

From: admin@microcats.uqcloud.net
To: crystal.chua@its.uq.edu.au
Subject: microcats status alert
[Update] meshlium connection restored

From: admin@microcats.uqcloud.net
To: crystal.chua@its.uq.edu.au
Subject: microcats status alert
[Alert] nibbler inactive - last contact 30 minutes ago at 2016-06-05 11:25:13

From: admin@microcats.uqcloud.net
To: s4367459@student.uq.edu.au
Subject: microcats status alert
[Alert] nibbler inactive - last contact 30 minutes ago at 2016-06-05 11:25:13

From: admin@microcats.uqcloud.net
To: crystal.chua@its.uq.edu.au
Subject: microcats status alert
[Update] nibbler recovered from inactive status at 2016-06-05 12:08:57

From: admin@microcats.uqcloud.net
To: s4367459@student.uq.edu.au
Subject: microcats status alert
[Update] nibbler recovered from inactive status at 2016-06-05 12:08:57

From: admin@microcats.uqcloud.net
To: crystal.chua@its.uq.edu.au
Subject: microcats status alert
[Alert] pretzel inactive - last contact 4367 minutes ago at 2016-06-05 15:08:22

From: admin@microcats.uqcloud.net
To: s4367459@student.uq.edu.au
Subject: microcats status alert
[Alert] pretzel inactive - last contact 4367 minutes ago at 2016-06-05 15:08:22

From: admin@microcats.uqcloud.net
To: crystal.chua@its.uq.edu.au
Subject: microcats status alert
[Update] nibbler recovered from inactive status at 2016-06-08 15:56:45

From: admin@microcats.uqcloud.net
To: s4367459@student.uq.edu.au
Subject: microcats status alert
[Update] nibbler recovered from inactive status at 2016-06-08 15:56:45

From: admin@microcats.uqcloud.net
To: crystal.chua@its.uq.edu.au
Subject: microcats status alert
[Reminder] zelda inactive for 4380 minutes - last contact 2016-06-05 15:04:22
[Reminder] synnove inactive for 4380 minutes - last contact 2016-06-05 15:04:12

From: admin@microcats.uqcloud.net
To: s4367459@student.uq.edu.au
Subject: microcats status alert
[Reminder] zelda inactive for 4380 minutes - last contact 2016-06-05 15:04:22
[Reminder] synnove inactive for 4380 minutes - last contact 2016-06-05 15:04:12

From: admin@microcats.uqcloud.net
To: crystal.chua@its.uq.edu.au
Subject: microcats status alert
[Update] zelda recovered from inactive status at 2016-06-08 16:02:10
[Update] synnove recovered from inactive status at 2016-06-08 16:02:15

From: admin@microcats.uqcloud.net
To: s4367459@student.uq.edu.au
Subject: microcats status alert
[Update] zelda recovered from inactive status at 2016-06-08 16:02:10
[Update] synnove recovered from inactive status at 2016-06-08 16:02:15

From: admin@microcats.uqcloud.net
To: s4367459@student.uq.edu.au
Subject: microcats status alert
[Reminder] pretzel inactive for 4380 minutes - last contact 2016-06-05 15:08:22

From: admin@microcats.uqcloud.net
To: crystal.chua@its.uq.edu.au
Subject: microcats status alert
[Reminder] pretzel inactive for 4380 minutes - last contact 2016-06-05 15:08:22

From: admin@microcats.uqcloud.net
To: s4367459@student.uq.edu.au
Subject: microcats status alert
[Update] pretzel recovered from inactive status at 2016-06-08 16:06:29

From: admin@microcats.uqcloud.net
To: crystal.chua@its.uq.edu.au
Subject: microcats status alert
[Update] pretzel recovered from inactive status at 2016-06-08 16:06:29

From: admin@microcats.uqcloud.net
To: crystal.chua@its.uq.edu.au
Subject: microcats status alert
[Alert] nibbler inactive - last contact 30 minutes ago at 2016-06-08 16:18:37

From: admin@microcats.uqcloud.net
To: s4367459@student.uq.edu.au
Subject: microcats status alert
[Alert] nibbler inactive - last contact 30 minutes ago at 2016-06-08 16:18:37

From: admin@microcats.uqcloud.net
To: crystal.chua@its.uq.edu.au
Subject: microcats status alert
[Update] nibbler recovered from inactive status at 2016-06-08 17:02:21

From: admin@microcats.uqcloud.net
To: s4367459@student.uq.edu.au
Subject: microcats status alert
[Update] nibbler recovered from inactive status at 2016-06-08 17:02:21

From: admin@microcats.uqcloud.net
To: crystal.chua@its.uq.edu.au
Subject: microcats status alert
[Alert] nibbler inactive - last contact 30 minutes ago at 2016-06-09 00:41:30

From: admin@microcats.uqcloud.net
To: s4367459@student.uq.edu.au
Subject: microcats status alert
[Alert] nibbler inactive - last contact 30 minutes ago at 2016-06-09 00:41:30

From: admin@microcats.uqcloud.net
To: crystal.chua@its.uq.edu.au
Subject: microcats status alert
[Update] nibbler recovered from inactive status at 2016-06-09 01:25:14

From: admin@microcats.uqcloud.net
To: s4367459@student.uq.edu.au
Subject: microcats status alert
[Update] nibbler recovered from inactive status at 2016-06-09 01:25:14

From: admin@microcats.uqcloud.net
To: crystal.chua@its.uq.edu.au
Subject: microcats status alert
[Alert] lost connection to meshlium

From: admin@microcats.uqcloud.net
To: s4367459@student.uq.edu.au
Subject: microcats status alert
[Alert] lost connection to meshlium

From: admin@microcats.uqcloud.net
To: crystal.chua@its.uq.edu.au
Subject: microcats status alert
[Update] meshlium connection restored

From: admin@microcats.uqcloud.net
To: s4367459@student.uq.edu.au
Subject: microcats status alert
[Update] meshlium connection restored

From: admin@microcats.uqcloud.net
To: crystal.chua@its.uq.edu.au
Subject: microcats status alert
[Alert] lost connection to meshlium

From: admin@microcats.uqcloud.net
To: s4367459@student.uq.edu.au
Subject: microcats status alert
[Alert] lost connection to meshlium

From: admin@microcats.uqcloud.net
To: crystal.chua@its.uq.edu.au
Subject: microcats status alert
[Update] meshlium connection restored

From: admin@microcats.uqcloud.net
To: s4367459@student.uq.edu.au
Subject: microcats status alert
[Update] meshlium connection restored

From: admin@microcats.uqcloud.net
To: crystal.chua@its.uq.edu.au
Subject: microcats status alert
[Alert] nibbler inactive - last contact 30 minutes ago at 2016-06-09 05:25:45

From: admin@microcats.uqcloud.net
To: s4367459@student.uq.edu.au
Subject: microcats status alert
[Alert] nibbler inactive - last contact 30 minutes ago at 2016-06-09 05:25:45

From: admin@microcats.uqcloud.net
To: crystal.chua@its.uq.edu.au
Subject: microcats status alert
[Update] nibbler recovered from inactive status at 2016-06-09 06:09:29

From: admin@microcats.uqcloud.net
To: s4367459@student.uq.edu.au
Subject: microcats status alert
[Update] nibbler recovered from inactive status at 2016-06-09 06:09:29

From: admin@microcats.uqcloud.net
To: crystal.chua@its.uq.edu.au
Subject: microcats status alert
[Alert] nibbler inactive - last contact 30 minutes ago at 2016-06-09 06:09:29

From: admin@microcats.uqcloud.net
To: s4367459@student.uq.edu.au
Subject: microcats status alert
[Alert] nibbler inactive - last contact 30 minutes ago at 2016-06-09 06:09:29

From: admin@microcats.uqcloud.net
To: crystal.chua@its.uq.edu.au
Subject: microcats status alert
[Update] nibbler recovered from inactive status at 2016-06-09 06:53:12

From: admin@microcats.uqcloud.net
To: s4367459@student.uq.edu.au
Subject: microcats status alert
[Update] nibbler recovered from inactive status at 2016-06-09 06:53:12

From: admin@microcats.uqcloud.net
To: crystal.chua@its.uq.edu.au
Subject: microcats status alert
[Alert] nibbler inactive - last contact 30 minutes ago at 2016-06-09 06:53:12

From: admin@microcats.uqcloud.net
To: s4367459@student.uq.edu.au
Subject: microcats status alert
[Alert] nibbler inactive - last contact 30 minutes ago at 2016-06-09 06:53:12

From: admin@microcats.uqcloud.net
To: crystal.chua@its.uq.edu.au
Subject: microcats status alert
[Update] nibbler recovered from inactive status at 2016-06-09 07:36:56

From: admin@microcats.uqcloud.net
To: s4367459@student.uq.edu.au
Subject: microcats status alert
[Update] nibbler recovered from inactive status at 2016-06-09 07:36:56

From: admin@microcats.uqcloud.net
To: crystal.chua@its.uq.edu.au
Subject: microcats status alert
[Alert] nibbler inactive - last contact 30 minutes ago at 2016-06-09 13:04:54

From: admin@microcats.uqcloud.net
To: s4367459@student.uq.edu.au
Subject: microcats status alert
[Alert] nibbler inactive - last contact 30 minutes ago at 2016-06-09 13:04:54

From: admin@microcats.uqcloud.net
To: crystal.chua@its.uq.edu.au
Subject: microcats status alert
[Update] nibbler recovered from inactive status at 2016-06-09 13:48:38

From: admin@microcats.uqcloud.net
To: s4367459@student.uq.edu.au
Subject: microcats status alert
[Update] nibbler recovered from inactive status at 2016-06-09 13:48:38

From: admin@microcats.uqcloud.net
To: crystal.chua@its.uq.edu.au
Subject: microcats status alert
[Alert] nibbler inactive - last contact 30 minutes ago at 2016-06-09 13:48:38

From: admin@microcats.uqcloud.net
To: s4367459@student.uq.edu.au
Subject: microcats status alert
[Alert] nibbler inactive - last contact 30 minutes ago at 2016-06-09 13:48:38

From: admin@microcats.uqcloud.net
To: crystal.chua@its.uq.edu.au
Subject: microcats status alert
[Update] nibbler recovered from inactive status at 2016-06-09 14:32:21

From: admin@microcats.uqcloud.net
To: s4367459@student.uq.edu.au
Subject: microcats status alert
[Update] nibbler recovered from inactive status at 2016-06-09 14:32:21

From: admin@microcats.uqcloud.net
To: crystal.chua@its.uq.edu.au
Subject: microcats status alert
[Alert] nibbler inactive - last contact 30 minutes ago at 2016-06-09 17:27:16

From: admin@microcats.uqcloud.net
To: s4367459@student.uq.edu.au
Subject: microcats status alert
[Alert] nibbler inactive - last contact 30 minutes ago at 2016-06-09 17:27:16

From: admin@microcats.uqcloud.net
To: crystal.chua@its.uq.edu.au
Subject: microcats status alert
[Update] nibbler recovered from inactive status at 2016-06-09 18:11:00

From: admin@microcats.uqcloud.net
To: s4367459@student.uq.edu.au
Subject: microcats status alert
[Update] nibbler recovered from inactive status at 2016-06-09 18:11:00

From: admin@microcats.uqcloud.net
To: crystal.chua@its.uq.edu.au
Subject: microcats status alert
[Alert] lost connection to meshlium

From: admin@microcats.uqcloud.net
To: s4367459@student.uq.edu.au
Subject: microcats status alert
[Alert] lost connection to meshlium

From: admin@microcats.uqcloud.net
To: crystal.chua@its.uq.edu.au
Subject: microcats status alert
[Update] meshlium connection restored

From: admin@microcats.uqcloud.net
To: s4367459@student.uq.edu.au
Subject: microcats status alert
[Update] meshlium connection restored

From: admin@microcats.uqcloud.net
To: crystal.chua@its.uq.edu.au
Subject: microcats status alert
[Update] zelda recovered from inactive status at 2016-06-10 09:31:43

From: admin@microcats.uqcloud.net
To: s4367459@student.uq.edu.au
Subject: microcats status alert
[Update] zelda recovered from inactive status at 2016-06-10 09:31:43

From: admin@microcats.uqcloud.net
To: crystal.chua@its.uq.edu.au
Subject: microcats status alert
[Update] synnove recovered from inactive status at 2016-06-10 09:31:53

From: admin@microcats.uqcloud.net
To: s4367459@student.uq.edu.au
Subject: microcats status alert
[Update] synnove recovered from inactive status at 2016-06-10 09:31:53

From: admin@microcats.uqcloud.net
To: s4367459@student.uq.edu.au
Subject: microcats status alert
[Update] pretzel recovered from inactive status at 2016-06-10 09:36:20

From: admin@microcats.uqcloud.net
To: s4367459@student.uq.edu.au
Subject: microcats status alert
[Reminder] nibbler inactive for 900 minutes - last contact 2016-06-09 18:54:44

From: admin@microcats.uqcloud.net
To: s4367459@student.uq.edu.au
Subject: microcats status alert
[Update] nibbler recovered from inactive status at 2016-06-10 09:51:11

From: admin@microcats.uqcloud.net
To: s4367459@student.uq.edu.au
Subject: microcats status alert
[Alert] zelda inactive - last contact 4080 minutes ago at 2016-06-10 13:44:54

From: admin@microcats.uqcloud.net
To: s4367459@student.uq.edu.au
Subject: microcats status alert
[Update] pretzel recovered from inactive status at 2016-06-13 09:41:24

From: admin@microcats.uqcloud.net
To: s4367459@student.uq.edu.au
Subject: microcats status alert
[Update] zelda recovered from inactive status at 2016-06-13 09:47:20
[Update] synnove recovered from inactive status at 2016-06-13 09:47:37

From: admin@microcats.uqcloud.net
To: s4367459@student.uq.edu.au
Subject: microcats status alert
[Update] nibbler recovered from inactive status at 2016-06-13 10:00:23

From: admin@microcats.uqcloud.net
To: s4367459@student.uq.edu.au
Subject: microcats status alert
[Alert] nibbler inactive - last contact 30 minutes ago at 2016-06-13 11:27:50

From: admin@microcats.uqcloud.net
To: s4367459@student.uq.edu.au
Subject: microcats status alert
[Update] nibbler recovered from inactive status at 2016-06-13 12:33:26

From: admin@microcats.uqcloud.net
To: s4367459@student.uq.edu.au
Subject: microcats status alert
[Alert] nibbler inactive - last contact 2499 minutes ago at 2016-06-13 15:06:29

From: admin@microcats.uqcloud.net
To: s4367459@student.uq.edu.au
Subject: microcats status alert
[Update] zelda recovered from inactive status at 2016-06-15 08:43:53

From: admin@microcats.uqcloud.net
To: s4367459@student.uq.edu.au
Subject: microcats status alert
[Update] synnove recovered from inactive status at 2016-06-15 08:44:11

From: admin@microcats.uqcloud.net
To: s4367459@student.uq.edu.au
Subject: microcats status alert
[Update] pretzel recovered from inactive status at 2016-06-15 08:48:30

From: admin@microcats.uqcloud.net
To: s4367459@student.uq.edu.au
Subject: microcats status alert
[Update] nibbler recovered from inactive status at 2016-06-15 09:00:54

From: admin@microcats.uqcloud.net
To: s4367459@student.uq.edu.au
Subject: microcats status alert
[Alert] nibbler inactive - last contact 30 minutes ago at 2016-06-15 11:12:05

From: admin@microcats.uqcloud.net
To: s4367459@student.uq.edu.au
Subject: microcats status alert
[Update] nibbler recovered from inactive status at 2016-06-15 11:55:49

From: admin@microcats.uqcloud.net
To: s4367459@student.uq.edu.au
Subject: microcats status alert
[Alert] nibbler inactive - last contact 30 minutes ago at 2016-06-15 11:55:49

From: admin@microcats.uqcloud.net
To: s4367459@student.uq.edu.au
Subject: microcats status alert
[Update] nibbler recovered from inactive status at 2016-06-15 12:39:33

From: admin@microcats.uqcloud.net
To: s4367459@student.uq.edu.au
Subject: microcats status alert
[Alert] lost connection to meshlium

From: admin@microcats.uqcloud.net
To: s4367459@student.uq.edu.au
Subject: microcats status alert
[Alert] lost connection to meshlium

From: admin@microcats.uqcloud.net
To: s4367459@student.uq.edu.au
Subject: microcats status alert
[Update] meshlium connection restored

From: admin@microcats.uqcloud.net
To: s4367459@student.uq.edu.au
Subject: microcats status alert
[Alert] lost connection to meshlium

